四月 22, 2020 12:00:54 下午 com.lab2.utils.LoggerUtil main
信息: ddddd
四月 22, 2020 12:00:54 下午 com.lab2.utils.LoggerUtil main
信息: eeeeee
四月 22, 2020 12:00:54 下午 com.lab2.utils.LoggerUtil main
信息: ffffff
四月 22, 2020 12:00:54 下午 com.lab2.utils.LoggerUtil main
信息: gggggg
四月 22, 2020 12:00:54 下午 com.lab2.utils.LoggerUtil main
信息: hhhhhh
四月 22, 2020 12:01:44 下午 com.lab2.utils.LoggerUtil main
信息: ddddd
四月 22, 2020 12:01:44 下午 com.lab2.utils.LoggerUtil main
信息: eeeeee
四月 22, 2020 12:01:44 下午 com.lab2.utils.LoggerUtil main
信息: ffffff
四月 22, 2020 12:01:44 下午 com.lab2.utils.LoggerUtil main
信息: gggggg
四月 22, 2020 12:01:44 下午 com.lab2.utils.LoggerUtil main
信息: hhhhhh
四月 22, 2020 12:01:53 下午 com.lab2.utils.LoggerUtil main
信息: ddddd
四月 22, 2020 12:01:53 下午 com.lab2.utils.LoggerUtil main
信息: eeeeee
四月 22, 2020 12:01:53 下午 com.lab2.utils.LoggerUtil main
信息: ffffff
四月 22, 2020 12:01:53 下午 com.lab2.utils.LoggerUtil main
信息: gggggg
四月 22, 2020 12:01:53 下午 com.lab2.utils.LoggerUtil main
信息: hhhhhh
